  UriShorten.c
  UriResolve.c
  UriRecompose.c
  UriQuery.c
  UriParseBase.c
  UriParse.c
  UriNormalizeBase.c
  UriNormalize.c
  UriIp4Base.c
  UriIp4.c
  UriFile.c
  UriEscape.c
  UriCompare.c
  UriCommon.c
d:\work\bmstu_lab09\uriparser\src\uricommon.c(266): warning C4456: объявление "nextBackup" скрывает предыдущее локальное объявление
  d:\work\bmstu_lab09\uriparser\src\uricommon.c(179): note:  см. объявление "nextBackup"
d:\work\bmstu_lab09\uriparser\src\uricommon.c(266): warning C4456: объявление "nextBackup" скрывает предыдущее локальное объявление
  d:\work\bmstu_lab09\uriparser\src\uricommon.c(179): note:  см. объявление "nextBackup"
  Создание кода...
C:\Program Files (x86)\Microsoft Visual Studio\2017\Community\Common7\IDE\VC\VCTargets\Microsoft.CppBuild.targets(1397,5): warning MSB8012: TargetPath(D:\work\bmstu_lab09\uriparser\win32\Visual_Studio_2005\Debug\uriparser.lib) не соответствует значению свойства выходного файла (D:\work\bmstu_lab09\uriparser\win32\Debug\uriparser.lib) для Library. Это может привести к неправильной сборке проекта. Чтобы исправить это, убедитесь, что значения свойств $(OutDir), $(TargetName) и $(TargetExt) соответствуют значению, указанному в %(Lib.OutputFile).
  uriparser.vcxproj -> D:\work\bmstu_lab09\uriparser\win32\Visual_Studio_2005\Debug\uriparser.lib
